<?xml version="1.0" encoding="UTF-8"?>
<!-- Generated by org.testng.reporters.JUnitReportReporter -->
<testsuite skipped="0" hostname="MAVBCP27" name="com.testng.testcases.TestCases1" tests="21" failures="0" timestamp="2020-06-22T00:56:30 IST" time="0.107" errors="0">
  <testcase name="multiplicationTest" time="0.004" classname="com.testng.testcases.TestCases1"/>
  <system-out/>
  <testcase name="divisionTest" time="0.003" classname="com.testng.testcases.TestCases1"/>
  <system-out/>
  <testcase name="divisionTest" time="0.003" classname="com.testng.testcases.TestCases1"/>
  <system-out/>
  <testcase name="multiplicationTest" time="0.001" classname="com.testng.testcases.TestCases1"/>
  <system-out/>
  <testcase name="divisionTest" time="0.003" classname="com.testng.testcases.TestCases1"/>
  <system-out/>
  <testcase name="divisionTest" time="0.003" classname="com.testng.testcases.TestCases1"/>
  <system-out/>
  <testcase name="subtractionTest" time="0.002" classname="com.testng.testcases.TestCases1"/>
  <system-out/>
  <testcase name="multiplicationTest" time="0.001" classname="com.testng.testcases.TestCases1"/>
  <system-out/>
  <testcase name="divisionTest" time="0.002" classname="com.testng.testcases.TestCases1"/>
  <system-out/>
  <testcase name="subtractionTest" time="0.003" classname="com.testng.testcases.TestCases1"/>
  <system-out/>
  <testcase name="multiplicationTest" time="0.007" classname="com.testng.testcases.TestCases1"/>
  <system-out/>
  <testcase name="divisionTest" time="0.002" classname="com.testng.testcases.TestCases1"/>
  <system-out/>
  <testcase name="multiplicationTest" time="0.002" classname="com.testng.testcases.TestCases1"/>
  <system-out/>
  <testcase name="multiplicationTest" time="0.003" classname="com.testng.testcases.TestCases1"/>
  <system-out/>
  <testcase name="divisionTest" time="0.010" classname="com.testng.testcases.TestCases1"/>
  <system-out/>
  <testcase name="subtractionTest" time="0.009" classname="com.testng.testcases.TestCases1"/>
  <system-out/>
  <testcase name="multiplicationTest" time="0.007" classname="com.testng.testcases.TestCases1"/>
  <system-out/>
  <testcase name="subtractionTest" time="0.006" classname="com.testng.testcases.TestCases1"/>
  <system-out/>
  <testcase name="subtractionTest" time="0.018" classname="com.testng.testcases.TestCases1"/>
  <system-out/>
  <testcase name="subtractionTest" time="0.005" classname="com.testng.testcases.TestCases1"/>
  <system-out/>
  <testcase name="subtractionTest" time="0.013" classname="com.testng.testcases.TestCases1"/>
  <system-out/>
</testsuite> <!-- com.testng.testcases.TestCases1 -->
