<?xml version="1.0" encoding="UTF-8"?>
<!-- Generated by org.testng.reporters.JUnitReportReporter -->
<testsuite skipped="0" hostname="MAVBCP27" name="com.testng.testcases.TestCase2_Groups" tests="3" failures="0" timestamp="2020-07-01T15:20:43 IST" time="0.056" errors="0">
  <testcase name="subtractionTest" time="0.019" classname="com.testng.testcases.TestCase2_Groups"/>
  <system-out>
running the method subtractionTest running the method subtractionTest  </system-out>
  <testcase name="multiplicationTest" time="0.018" classname="com.testng.testcases.TestCase2_Groups"/>
  <system-out>
running the method multiplicationTest running the method multiplicationTest  </system-out>
  <testcase name="divisionTest" time="0.019" classname="com.testng.testcases.TestCase2_Groups"/>
  <system-out>
running the method divisionTest running the method divisionTest  </system-out>
</testsuite> <!-- com.testng.testcases.TestCase2_Groups -->
