<?xml version="1.0" encoding="UTF-8"?>
<!-- Generated by org.testng.reporters.JUnitReportReporter -->
<testsuite skipped="0" hostname="MAVBCP27" name="com.testng.testcases.TestCase2" tests="3" failures="0" timestamp="2020-06-22T00:56:30 IST" time="0.068" errors="0">
  <testcase name="divisionTest" time="0.022" classname="com.testng.testcases.TestCase2"/>
  <system-out/>
  <testcase name="subtractionTest" time="0.023" classname="com.testng.testcases.TestCase2"/>
  <system-out/>
  <testcase name="multiplicationTest" time="0.023" classname="com.testng.testcases.TestCase2"/>
  <system-out/>
</testsuite> <!-- com.testng.testcases.TestCase2 -->
