<?xml version="1.0" encoding="UTF-8"?>
<!-- Generated by org.testng.reporters.JUnitReportReporter -->
<testsuite skipped="0" hostname="MAVBCP27" name="com.testng.testcases.TestCase3_Parameters" tests="2" failures="0" timestamp="2020-07-01T15:20:54 IST" time="0.028" errors="0">
  <testcase name="inverseTest" time="0.014" classname="com.testng.testcases.TestCase3_Parameters"/>
  <system-out/>
  <testcase name="negateTest" time="0.014" classname="com.testng.testcases.TestCase3_Parameters"/>
  <system-out/>
</testsuite> <!-- com.testng.testcases.TestCase3_Parameters -->
