<?xml version="1.0" encoding="UTF-8"?>
<!-- Generated by org.testng.reporters.JUnitReportReporter -->
<testsuite skipped="0" hostname="MAVBCP27" name="com.testng.testcases.TestCase1_DataProvider" tests="21" failures="0" timestamp="2020-07-01T15:20:43 IST" time="0.101" errors="0">
  <testcase name="subtractionTest" time="0.008" classname="com.testng.testcases.TestCase1_DataProvider"/>
  <system-out>
running the method subtractionTest running the method subtractionTest  </system-out>
  <testcase name="multiplicationTest" time="0.002" classname="com.testng.testcases.TestCase1_DataProvider"/>
  <system-out>
running the method multiplicationTest running the method multiplicationTest  </system-out>
  <testcase name="subtractionTest" time="0.004" classname="com.testng.testcases.TestCase1_DataProvider"/>
  <system-out>
running the method subtractionTest running the method subtractionTest  </system-out>
  <testcase name="subtractionTest" time="0.002" classname="com.testng.testcases.TestCase1_DataProvider"/>
  <system-out>
running the method subtractionTest running the method subtractionTest  </system-out>
  <testcase name="divisionTest" time="0.002" classname="com.testng.testcases.TestCase1_DataProvider"/>
  <system-out>
running the method divisionTest running the method divisionTest  </system-out>
  <testcase name="multiplicationTest" time="0.001" classname="com.testng.testcases.TestCase1_DataProvider"/>
  <system-out>
running the method multiplicationTest running the method multiplicationTest  </system-out>
  <testcase name="multiplicationTest" time="0.004" classname="com.testng.testcases.TestCase1_DataProvider"/>
  <system-out>
running the method multiplicationTest running the method multiplicationTest  </system-out>
  <testcase name="multiplicationTest" time="0.002" classname="com.testng.testcases.TestCase1_DataProvider"/>
  <system-out>
running the method multiplicationTest running the method multiplicationTest  </system-out>
  <testcase name="divisionTest" time="0.021" classname="com.testng.testcases.TestCase1_DataProvider"/>
  <system-out>
running the method divisionTest running the method divisionTest  </system-out>
  <testcase name="divisionTest" time="0.021" classname="com.testng.testcases.TestCase1_DataProvider"/>
  <system-out>
running the method divisionTest running the method divisionTest  </system-out>
  <testcase name="divisionTest" time="0.002" classname="com.testng.testcases.TestCase1_DataProvider"/>
  <system-out>
running the method divisionTest running the method divisionTest  </system-out>
  <testcase name="subtractionTest" time="0.002" classname="com.testng.testcases.TestCase1_DataProvider"/>
  <system-out>
running the method subtractionTest running the method subtractionTest  </system-out>
  <testcase name="divisionTest" time="0.001" classname="com.testng.testcases.TestCase1_DataProvider"/>
  <system-out>
running the method divisionTest running the method divisionTest  </system-out>
  <testcase name="subtractionTest" time="0.002" classname="com.testng.testcases.TestCase1_DataProvider"/>
  <system-out>
running the method subtractionTest running the method subtractionTest  </system-out>
  <testcase name="subtractionTest" time="0.004" classname="com.testng.testcases.TestCase1_DataProvider"/>
  <system-out>
running the method subtractionTest running the method subtractionTest  </system-out>
  <testcase name="multiplicationTest" time="0.005" classname="com.testng.testcases.TestCase1_DataProvider"/>
  <system-out>
running the method multiplicationTest running the method multiplicationTest  </system-out>
  <testcase name="multiplicationTest" time="0.005" classname="com.testng.testcases.TestCase1_DataProvider"/>
  <system-out>
running the method multiplicationTest running the method multiplicationTest  </system-out>
  <testcase name="divisionTest" time="0.006" classname="com.testng.testcases.TestCase1_DataProvider"/>
  <system-out>
running the method divisionTest running the method divisionTest  </system-out>
  <testcase name="multiplicationTest" time="0.003" classname="com.testng.testcases.TestCase1_DataProvider"/>
  <system-out>
running the method multiplicationTest running the method multiplicationTest  </system-out>
  <testcase name="divisionTest" time="0.002" classname="com.testng.testcases.TestCase1_DataProvider"/>
  <system-out>
running the method divisionTest running the method divisionTest  </system-out>
  <testcase name="subtractionTest" time="0.002" classname="com.testng.testcases.TestCase1_DataProvider"/>
  <system-out>
running the method subtractionTest running the method subtractionTest  </system-out>
</testsuite> <!-- com.testng.testcases.TestCase1_DataProvider -->
